\BOOKMARK [0][-]{chapter.4}{\376\377\000S\000e\000t\000t\000i\000n\000g\000\040\000U\000p\000\040\000D\000e\000v\000e\000l\000o\000p\000m\000e\000n\000t\000\040\000E\000n\000v\000i\000r\000o\000n\000m\000e\000n\000t}{}% 1
\BOOKMARK [1][-]{section.4.1}{\376\377\000E\000S\000P\000-\000I\000D\000F\000\040\000O\000v\000e\000r\000v\000i\000e\000w}{chapter.4}% 2
\BOOKMARK [2][-]{subsection.4.1.1}{\376\377\000E\000S\000P\000-\000I\000D\000F\000\040\000V\000e\000r\000s\000i\000o\000n\000s}{section.4.1}% 3
\BOOKMARK [2][-]{subsection.4.1.2}{\376\377\000E\000S\000P\000-\000I\000D\000F\000\040\000G\000i\000t\000\040\000W\000o\000r\000k\000f\000l\000o\000w}{section.4.1}% 4
\BOOKMARK [2][-]{subsection.4.1.3}{\376\377\000C\000h\000o\000o\000s\000i\000n\000g\000\040\000a\000\040\000S\000u\000i\000t\000a\000b\000l\000e\000\040\000V\000e\000r\000s\000i\000o\000n}{section.4.1}% 5
\BOOKMARK [2][-]{subsection.4.1.4}{\376\377\000O\000v\000e\000r\000v\000i\000e\000w\000\040\000o\000f\000\040\000E\000S\000P\000-\000I\000D\000F\000\040\000S\000D\000K\000\040\000D\000i\000r\000e\000c\000t\000o\000r\000y}{section.4.1}% 6
\BOOKMARK [1][-]{section.4.2}{\376\377\000S\000e\000t\000t\000i\000n\000g\000\040\000U\000p\000\040\000E\000S\000P\000-\000I\000D\000F\000\040\000D\000e\000v\000e\000l\000o\000p\000m\000e\000n\000t\000\040\000E\000n\000v\000i\000r\000o\000n\000m\000e\000n\000t}{chapter.4}% 7
\BOOKMARK [2][-]{subsection.4.2.1}{\376\377\000S\000e\000t\000t\000i\000n\000g\000\040\000u\000p\000\040\000E\000S\000P\000-\000I\000D\000F\000\040\000D\000e\000v\000e\000l\000o\000p\000m\000e\000n\000t\000\040\000E\000n\000v\000i\000r\000o\000n\000m\000e\000n\000t\000\040\000o\000n\000\040\000L\000i\000n\000u\000x}{section.4.2}% 8
\BOOKMARK [2][-]{subsection.4.2.2}{\376\377\000S\000e\000t\000t\000i\000n\000g\000\040\000u\000p\000\040\000E\000S\000P\000-\000I\000D\000F\000\040\000D\000e\000v\000e\000l\000o\000p\000m\000e\000n\000t\000\040\000E\000n\000v\000i\000r\000o\000n\000m\000e\000n\000t\000\040\000o\000n\000\040\000W\000i\000n\000d\000o\000w\000s}{section.4.2}% 9
\BOOKMARK [2][-]{subsection.4.2.3}{\376\377\000S\000e\000t\000t\000i\000n\000g\000\040\000u\000p\000\040\000E\000S\000P\000-\000I\000D\000F\000\040\000D\000e\000v\000e\000l\000o\000p\000m\000e\000n\000t\000\040\000E\000n\000v\000i\000r\000o\000n\000m\000e\000n\000t\000\040\000o\000n\000\040\000M\000a\000c}{section.4.2}% 10
\BOOKMARK [2][-]{subsection.4.2.4}{\376\377\000I\000n\000s\000t\000a\000l\000l\000i\000n\000g\000\040\000V\000S\000\040\000C\000o\000d\000e}{section.4.2}% 11
\BOOKMARK [2][-]{subsection.4.2.5}{\376\377\000I\000n\000t\000r\000o\000d\000u\000c\000t\000i\000o\000n\000\040\000t\000o\000\040\000T\000h\000i\000r\000d\000-\000P\000a\000r\000t\000y\000\040\000D\000e\000v\000e\000l\000o\000p\000m\000e\000n\000t\000\040\000E\000n\000v\000i\000r\000o\000n\000m\000e\000n\000t\000s}{section.4.2}% 12
\BOOKMARK [1][-]{section.4.3}{\376\377\000E\000S\000P\000-\000I\000D\000F\000\040\000C\000o\000m\000p\000i\000l\000a\000t\000i\000o\000n\000\040\000S\000y\000s\000t\000e\000m}{chapter.4}% 13
\BOOKMARK [2][-]{subsection.4.3.1}{\376\377\000B\000a\000s\000i\000c\000\040\000C\000o\000n\000c\000e\000p\000t\000s\000\040\000o\000f\000\040\000C\000o\000m\000p\000i\000l\000a\000t\000i\000o\000n\000\040\000S\000y\000s\000t\000e\000m}{section.4.3}% 14
\BOOKMARK [2][-]{subsection.4.3.2}{\376\377\000P\000r\000o\000j\000e\000c\000t\000\040\000F\000i\000l\000e\000\040\000S\000t\000r\000u\000c\000t\000u\000r\000e}{section.4.3}% 15
\BOOKMARK [2][-]{subsection.4.3.3}{\376\377\000D\000e\000f\000a\000u\000l\000t\000\040\000B\000u\000i\000l\000d\000\040\000R\000u\000l\000e\000s\000\040\000o\000f\000\040\000t\000h\000e\000\040\000C\000o\000m\000p\000i\000l\000a\000t\000i\000o\000n\000\040\000S\000y\000s\000t\000e\000m}{section.4.3}% 16
\BOOKMARK [2][-]{subsection.4.3.4}{\376\377\000I\000n\000t\000r\000o\000d\000u\000c\000t\000i\000o\000n\000\040\000t\000o\000\040\000t\000h\000e\000\040\000C\000o\000m\000p\000i\000l\000a\000t\000i\000o\000n\000\040\000S\000c\000r\000i\000p\000t}{section.4.3}% 17
\BOOKMARK [2][-]{subsection.4.3.5}{\376\377\000I\000n\000t\000r\000o\000d\000u\000c\000t\000i\000o\000n\000\040\000t\000o\000\040\000C\000o\000m\000m\000o\000n\000\040\000C\000o\000m\000m\000a\000n\000d\000s}{section.4.3}% 18
\BOOKMARK [1][-]{section.4.4}{\376\377\000P\000r\000a\000c\000t\000i\000c\000e\000:\000\040\000C\000o\000m\000p\000i\000l\000i\000n\000g\000\040\000E\000x\000a\000m\000p\000l\000e\000\040\000P\000r\000o\000g\000r\000a\000m\000\040\040\034\000B\000l\000i\000n\000k\040\035}{chapter.4}% 19
\BOOKMARK [2][-]{subsection.4.4.1}{\376\377\000E\000x\000a\000m\000p\000l\000e\000\040\000A\000n\000a\000l\000y\000s\000i\000s}{section.4.4}% 20
\BOOKMARK [2][-]{subsection.4.4.2}{\376\377\000C\000o\000m\000p\000i\000l\000i\000n\000g\000\040\000t\000h\000e\000\040\000B\000l\000i\000n\000k\000\040\000P\000r\000o\000g\000r\000a\000m}{section.4.4}% 21
\BOOKMARK [2][-]{subsection.4.4.3}{\376\377\000F\000l\000a\000s\000h\000i\000n\000g\000\040\000t\000h\000e\000\040\000B\000l\000i\000n\000k\000\040\000P\000r\000o\000g\000r\000a\000m}{section.4.4}% 22
\BOOKMARK [2][-]{subsection.4.4.4}{\376\377\000S\000e\000r\000i\000a\000l\000\040\000P\000o\000r\000t\000\040\000L\000o\000g\000\040\000A\000n\000a\000l\000y\000s\000i\000s\000\040\000o\000f\000\040\000t\000h\000e\000\040\000B\000l\000i\000n\000k\000\040\000P\000r\000o\000g\000r\000a\000m}{section.4.4}% 23
\BOOKMARK [1][-]{section.4.5}{\376\377\000S\000u\000m\000m\000a\000r\000y}{chapter.4}% 24
