This is pdfTeX, Version 3.141592653-2.6-1.40.25 (TeX Live 2023) (preloaded format=pdflatex 2023.6.10)  4 JUL 2023 12:13
entering extended mode
 restricted \write18 enabled.
 file:line:error style messages enabled.
 %&-line parsing enabled.
**/Users/zhangtan/Desktop/esp32-c3-book-en/tex_project/Chapter_4.tex
(/Users/zhangtan/Desktop/esp32-c3-book-en/tex_project/Chapter_4.tex
LaTeX2e <2022-11-01> patch level 1
L3 programming layer <2023-02-22> (/usr/local/texlive/2023/texmf-dist/tex/latex/base/book.cls
Document Class: book 2022/07/02 v1.4n Standard LaTeX document class
(/usr/local/texlive/2023/texmf-dist/tex/latex/base/bk12.clo
File: bk12.clo 2022/07/02 v1.4n Standard LaTeX file (size option)
)
\c@part=\count185
\c@chapter=\count186
\c@section=\count187
\c@subsection=\count188
\c@subsubsection=\count189
\c@paragraph=\count190
\c@subparagraph=\count191
\c@figure=\count192
\c@table=\count193
\abovecaptionskip=\skip48
\belowcaptionskip=\skip49
\bibindent=\dimen140
) (./preamble.tex (/usr/local/texlive/2023/texmf-dist/tex/latex/graphics/graphicx.sty
Package: graphicx 2021/09/16 v1.2d Enhanced LaTeX Graphics (DPC,SPQR)
 (/usr/local/texlive/2023/texmf-dist/tex/latex/graphics/keyval.sty
Package: keyval 2022/05/29 v1.15 key=value parser (DPC)
\KV@toks@=\toks16
) (/usr/local/texlive/2023/texmf-dist/tex/latex/graphics/graphics.sty
Package: graphics 2022/03/10 v1.4e Standard LaTeX Graphics (DPC,SPQR)
 (/usr/local/texlive/2023/texmf-dist/tex/latex/graphics/trig.sty
Package: trig 2021/08/11 v1.11 sin cos tan (DPC)
) (/usr/local/texlive/2023/texmf-dist/tex/latex/graphics-cfg/graphics.cfg
File: graphics.cfg 2016/06/04 v1.11 sample graphics configuration
)
Package graphics Info: Driver file: pdftex.def on input line 107.
 (/usr/local/texlive/2023/texmf-dist/tex/latex/graphics-def/pdftex.def
File: pdftex.def 2022/09/22 v1.2b Graphics/color driver for pdftex
))
\Gin@req@height=\dimen141
\Gin@req@width=\dimen142
) (/usr/local/texlive/2023/texmf-dist/tex/latex/adjustbox/adjustbox.sty
Package: adjustbox 2022/10/17 v1.3a Adjusting TeX boxes (trim, clip, ...)
 (/usr/local/texlive/2023/texmf-dist/tex/latex/xkeyval/xkeyval.sty
Package: xkeyval 2022/06/16 v2.9 package option processing (HA)
 (/usr/local/texlive/2023/texmf-dist/tex/generic/xkeyval/xkeyval.tex (/usr/local/texlive/2023/texmf-dist/tex/generic/xkeyval/xkvutils.tex
\XKV@toks=\toks17
\XKV@tempa@toks=\toks18
)
\XKV@depth=\count194
File: xkeyval.tex 2014/12/03 v2.7a key=value parser (HA)
)) (/usr/local/texlive/2023/texmf-dist/tex/latex/adjustbox/adjcalc.sty
Package: adjcalc 2012/05/16 v1.1 Provides advanced setlength with multiple back-ends (calc, etex, pgfmath)
) (/usr/local/texlive/2023/texmf-dist/tex/latex/adjustbox/trimclip.sty
Package: trimclip 2020/08/19 v1.2 Trim and clip general TeX material
 (/usr/local/texlive/2023/texmf-dist/tex/latex/collectbox/collectbox.sty
Package: collectbox 2022/10/17 v0.4c Collect macro arguments as boxes
\collectedbox=\box51
)
\tc@llx=\dimen143
\tc@lly=\dimen144
\tc@urx=\dimen145
\tc@ury=\dimen146
Package trimclip Info: Using driver 'tc-pdftex.def'.
 (/usr/local/texlive/2023/texmf-dist/tex/latex/adjustbox/tc-pdftex.def
File: tc-pdftex.def 2019/01/04 v2.2 Clipping driver for pdftex
))
\adjbox@Width=\dimen147
\adjbox@Height=\dimen148
\adjbox@Depth=\dimen149
\adjbox@Totalheight=\dimen150
\adjbox@pwidth=\dimen151
\adjbox@pheight=\dimen152
\adjbox@pdepth=\dimen153
\adjbox@ptotalheight=\dimen154
 (/usr/local/texlive/2023/texmf-dist/tex/latex/ifoddpage/ifoddpage.sty
Package: ifoddpage 2022/10/18 v1.2 Conditionals for odd/even page detection
\c@checkoddpage=\count195
) (/usr/local/texlive/2023/texmf-dist/tex/latex/varwidth/varwidth.sty
Package: varwidth 2009/03/30 ver 0.92;  Variable-width minipages
\@vwid@box=\box52
\sift@deathcycles=\count196
\@vwid@loff=\dimen155
\@vwid@roff=\dimen156
)) (/usr/local/texlive/2023/texmf-dist/tex/latex/caption/subcaption.sty
Package: subcaption 2023/02/19 v1.6 Sub-captions (AR)
 (/usr/local/texlive/2023/texmf-dist/tex/latex/caption/caption.sty
Package: caption 2023/03/12 v3.6j Customizing captions (AR)
 (/usr/local/texlive/2023/texmf-dist/tex/latex/caption/caption3.sty
Package: caption3 2023/03/12 v2.4 caption3 kernel (AR)
\caption@tempdima=\dimen157
\captionmargin=\dimen158
\caption@leftmargin=\dimen159
\caption@rightmargin=\dimen160
\caption@width=\dimen161
\caption@indent=\dimen162
\caption@parindent=\dimen163
\caption@hangindent=\dimen164
Package caption Info: Standard document class detected.
)
\c@caption@flags=\count197
\c@continuedfloat=\count198
)
Package caption Info: New subtype `subfigure' on input line 239.
\c@subfigure=\count199
Package caption Info: New subtype `subtable' on input line 239.
\c@subtable=\count266
) (/usr/local/texlive/2023/texmf-dist/tex/latex/psnfss/charter.sty
Package: charter 2020/03/25 PSNFSS-v9.3 (P.Dyballa) 
) (/usr/local/texlive/2023/texmf-dist/tex/latex/fancyhdr/fancyhdr.sty
Package: fancyhdr 2022/11/09 v4.1 Extensive control of page headers and footers
\f@nch@headwidth=\skip50
\f@nch@O@elh=\skip51
\f@nch@O@erh=\skip52
\f@nch@O@olh=\skip53
\f@nch@O@orh=\skip54
\f@nch@O@elf=\skip55
\f@nch@O@erf=\skip56
\f@nch@O@olf=\skip57
\f@nch@O@orf=\skip58
) (/usr/local/texlive/2023/texmf-dist/tex/latex/tools/enumerate.sty
Package: enumerate 2015/07/23 v3.00 enumerate extensions (DPC)
\@enLab=\toks19
) (/usr/local/texlive/2023/texmf-dist/tex/latex/enumitem/enumitem.sty
Package: enumitem 2019/06/20 v3.9 Customized lists
\labelindent=\skip59
\enit@outerparindent=\dimen165
\enit@toks=\toks20
\enit@inbox=\box53
\enit@count@id=\count267
\enitdp@description=\count268
) (/usr/local/texlive/2023/texmf-dist/tex/latex/siunitx/siunitx.sty
Package: siunitx 2023-03-04 v3.2.2 A comprehensive (SI) units package
\l__siunitx_angle_tmp_dim=\dimen166
\l__siunitx_angle_marker_box=\box54
\l__siunitx_angle_unit_box=\box55
\l__siunitx_compound_count_int=\count269
 (/usr/local/texlive/2023/texmf-dist/tex/latex/translations/translations.sty
Package: translations 2022/02/05 v1.12 internationalization of LaTeX2e packages (CN)
 (/usr/local/texlive/2023/texmf-dist/tex/latex/etoolbox/etoolbox.sty
Package: etoolbox 2020/10/05 v2.5k e-TeX tools for LaTeX (JAW)
\etb@tempcnta=\count270
) (/usr/local/texlive/2023/texmf-dist/tex/generic/pdftexcmds/pdftexcmds.sty
Package: pdftexcmds 2020-06-27 v0.33 Utility functions of pdfTeX for LuaTeX (HO)
 (/usr/local/texlive/2023/texmf-dist/tex/generic/infwarerr/infwarerr.sty
Package: infwarerr 2019/12/03 v1.5 Providing info/warning/error messages (HO)
) (/usr/local/texlive/2023/texmf-dist/tex/generic/iftex/iftex.sty
Package: iftex 2022/02/03 v1.0f TeX engine tests
) (/usr/local/texlive/2023/texmf-dist/tex/generic/ltxcmds/ltxcmds.sty
Package: ltxcmds 2020-05-10 v1.25 LaTeX kernel commands for general use (HO)
)
Package pdftexcmds Info: \pdf@primitive is available.
Package pdftexcmds Info: \pdf@ifprimitive is available.
Package pdftexcmds Info: \pdfdraftmode found.
))
\l__siunitx_number_exponent_fixed_int=\count271
\l__siunitx_number_min_decimal_int=\count272
\l__siunitx_number_min_integer_int=\count273
\l__siunitx_number_round_precision_int=\count274
\l__siunitx_number_lower_threshold_int=\count275
\l__siunitx_number_upper_threshold_int=\count276
\l__siunitx_number_group_first_int=\count277
\l__siunitx_number_group_size_int=\count278
\l__siunitx_number_group_minimum_int=\count279
 (/usr/local/texlive/2023/texmf-dist/tex/latex/amsmath/amstext.sty
Package: amstext 2021/08/26 v2.01 AMS text
 (/usr/local/texlive/2023/texmf-dist/tex/latex/amsmath/amsgen.sty
File: amsgen.sty 1999/11/30 v2.0 generic functions
\@emptytoks=\toks21
\ex@=\dimen167
))
\l__siunitx_table_tmp_box=\box56
\l__siunitx_table_tmp_dim=\dimen168
\l__siunitx_table_column_width_dim=\dimen169
\l__siunitx_table_integer_box=\box57
\l__siunitx_table_decimal_box=\box58
\l__siunitx_table_uncert_box=\box59
\l__siunitx_table_before_box=\box60
\l__siunitx_table_after_box=\box61
\l__siunitx_table_before_dim=\dimen170
\l__siunitx_table_carry_dim=\dimen171
\l__siunitx_unit_tmp_int=\count280
\l__siunitx_unit_position_int=\count281
\l__siunitx_unit_total_int=\count282
 (/usr/local/texlive/2023/texmf-dist/tex/latex/tools/array.sty
Package: array 2022/09/04 v2.5g Tabular extension package (FMi)
\col@sep=\dimen172
\ar@mcellbox=\box62
\extrarowheight=\dimen173
\NC@list=\toks22
\extratabsurround=\skip60
\backup@length=\skip61
\ar@cellbox=\box63
)) (/usr/local/texlive/2023/texmf-dist/tex/latex/amsfonts/amssymb.sty
Package: amssymb 2013/01/14 v3.01 AMS font symbols
 (/usr/local/texlive/2023/texmf-dist/tex/latex/amsfonts/amsfonts.sty
Package: amsfonts 2013/01/14 v3.01 Basic AMSFonts support
\symAMSa=\mathgroup4
\symAMSb=\mathgroup5
LaTeX Font Info:    Redeclaring math symbol \hbar on input line 98.
LaTeX Font Info:    Overwriting math alphabet `\mathfrak' in version `bold'
(Font)                  U/euf/m/n --> U/euf/b/n on input line 106.
)) (/usr/local/texlive/2023/texmf-dist/tex/latex/tools/longtable.sty
Package: longtable 2021-09-01 v4.17 Multi-page Table package (DPC)
\LTleft=\skip62
\LTright=\skip63
\LTpre=\skip64
\LTpost=\skip65
\LTchunksize=\count283
\LTcapwidth=\dimen174
\LT@head=\box64
\LT@firsthead=\box65
\LT@foot=\box66
\LT@lastfoot=\box67
\LT@gbox=\box68
\LT@cols=\count284
\LT@rows=\count285
\c@LT@tables=\count286
\c@LT@chunks=\count287
\LT@p@ftn=\toks23
) (/usr/local/texlive/2023/texmf-dist/tex/latex/tools/multicol.sty
Package: multicol 2021/11/30 v1.9d multicolumn formatting (FMi)
\c@tracingmulticols=\count288
\mult@box=\box69
\multicol@leftmargin=\dimen175
\c@unbalance=\count289
\c@collectmore=\count290
\doublecol@number=\count291
\multicoltolerance=\count292
\multicolpretolerance=\count293
\full@width=\dimen176
\page@free=\dimen177
\premulticols=\dimen178
\postmulticols=\dimen179
\multicolsep=\skip66
\multicolbaselineskip=\skip67
\partial@page=\box70
\last@line=\box71
\maxbalancingoverflow=\dimen180
\mult@rightbox=\box72
\mult@grightbox=\box73
\mult@firstbox=\box74
\mult@gfirstbox=\box75
\@tempa=\box76
\@tempa=\box77
\@tempa=\box78
\@tempa=\box79
\@tempa=\box80
\@tempa=\box81
\@tempa=\box82
\@tempa=\box83
\@tempa=\box84
\@tempa=\box85
\@tempa=\box86
\@tempa=\box87
\@tempa=\box88
\@tempa=\box89
\@tempa=\box90
\@tempa=\box91
\@tempa=\box92
\@tempa=\box93
\@tempa=\box94
\@tempa=\box95
\@tempa=\box96
\@tempa=\box97
\@tempa=\box98
\@tempa=\box99
\@tempa=\box100
\@tempa=\box101
\@tempa=\box102
\@tempa=\box103
\@tempa=\box104
\@tempa=\box105
\@tempa=\box106
\@tempa=\box107
\@tempa=\box108
\@tempa=\box109
\@tempa=\box110
\@tempa=\box111
\c@minrows=\count294
\c@columnbadness=\count295
\c@finalcolumnbadness=\count296
\last@try=\dimen181
\multicolovershoot=\dimen182
\multicolundershoot=\dimen183
\mult@nat@firstbox=\box112
\colbreak@box=\box113
\mc@col@check@num=\count297
) (/usr/local/texlive/2023/texmf-dist/tex/latex/multirow/multirow.sty
Package: multirow 2021/03/15 v2.8 Span multiple rows of a table
\multirow@colwidth=\skip68
\multirow@cntb=\count298
\multirow@dima=\skip69
\bigstrutjot=\dimen184
) (/usr/local/texlive/2023/texmf-dist/tex/latex/tools/hhline.sty
Package: hhline 2020/01/04 v2.04 Table rule package (DPC)
) (/usr/local/texlive/2023/texmf-dist/tex/latex/parskip/parskip.sty
Package: parskip 2021-03-14 v2.0h non-zero parskip adjustments
 (/usr/local/texlive/2023/texmf-dist/tex/latex/kvoptions/kvoptions.sty
Package: kvoptions 2022-06-15 v3.15 Key value format for package options (HO)
 (/usr/local/texlive/2023/texmf-dist/tex/latex/kvsetkeys/kvsetkeys.sty
Package: kvsetkeys 2022-10-05 v1.19 Key value parser (HO)
))) (/usr/local/texlive/2023/texmf-dist/tex/latex/ragged2e/ragged2e.sty
Package: ragged2e 2023/02/25 v3.4 ragged2e Package
\CenteringLeftskip=\skip70
\RaggedLeftLeftskip=\skip71
\RaggedRightLeftskip=\skip72
\CenteringRightskip=\skip73
\RaggedLeftRightskip=\skip74
\RaggedRightRightskip=\skip75
\CenteringParfillskip=\skip76
\RaggedLeftParfillskip=\skip77
\RaggedRightParfillskip=\skip78
\JustifyingParfillskip=\skip79
\CenteringParindent=\skip80
\RaggedLeftParindent=\skip81
\RaggedRightParindent=\skip82
\JustifyingParindent=\skip83
) (/usr/local/texlive/2023/texmf-dist/tex/latex/geometry/geometry.sty
Package: geometry 2020/01/02 v5.9 Page Geometry
 (/usr/local/texlive/2023/texmf-dist/tex/generic/iftex/ifvtex.sty
Package: ifvtex 2019/10/25 v1.7 ifvtex legacy package. Use iftex instead.
)
\Gm@cnth=\count299
\Gm@cntv=\count300
\c@Gm@tempcnt=\count301
\Gm@bindingoffset=\dimen185
\Gm@wd@mp=\dimen186
\Gm@odd@mp=\dimen187
\Gm@even@mp=\dimen188
\Gm@layoutwidth=\dimen189
\Gm@layoutheight=\dimen190
\Gm@layouthoffset=\dimen191
\Gm@layoutvoffset=\dimen192
\Gm@dimlist=\toks24
) (/usr/local/texlive/2023/texmf-dist/tex/latex/setspace/setspace.sty
Package: setspace 2022/12/04 v6.7b set line spacing
) (/usr/local/texlive/2023/texmf-dist/tex/latex/xcolor/xcolor.sty
Package: xcolor 2022/06/12 v2.14 LaTeX color extensions (UK)
 (/usr/local/texlive/2023/texmf-dist/tex/latex/graphics-cfg/color.cfg
File: color.cfg 2016/01/02 v1.6 sample color configuration
)
Package xcolor Info: Driver file: pdftex.def on input line 227.
 (/usr/local/texlive/2023/texmf-dist/tex/latex/colortbl/colortbl.sty
Package: colortbl 2022/06/20 v1.0f Color table columns (DPC)
\everycr=\toks25
\minrowclearance=\skip84
\rownum=\count302
) (/usr/local/texlive/2023/texmf-dist/tex/latex/graphics/mathcolor.ltx)
Package xcolor Info: Model `cmy' substituted by `cmy0' on input line 1353.
Package xcolor Info: Model `hsb' substituted by `rgb' on input line 1357.
Package xcolor Info: Model `RGB' extended on input line 1369.
Package xcolor Info: Model `HTML' substituted by `rgb' on input line 1371.
Package xcolor Info: Model `Hsb' substituted by `hsb' on input line 1372.
Package xcolor Info: Model `tHsb' substituted by `hsb' on input line 1373.
Package xcolor Info: Model `HSB' substituted by `hsb' on input line 1374.
Package xcolor Info: Model `Gray' substituted by `gray' on input line 1375.
Package xcolor Info: Model `wave' substituted by `hsb' on input line 1376.
) (/usr/local/texlive/2023/texmf-dist/tex/latex/pgf/frontendlayer/tikz.sty (/usr/local/texlive/2023/texmf-dist/tex/latex/pgf/basiclayer/pgf.sty (/usr/local/texlive/2023/texmf-dist/tex/latex/pgf/utilities/pgfrcs.sty (/usr/local/texlive/2023/texmf-dist/tex/generic/pgf/utilities/pgfutil-common.tex
\pgfutil@everybye=\toks26
\pgfutil@tempdima=\dimen193
\pgfutil@tempdimb=\dimen194
) (/usr/local/texlive/2023/texmf-dist/tex/generic/pgf/utilities/pgfutil-latex.def
\pgfutil@abb=\box114
) (/usr/local/texlive/2023/texmf-dist/tex/generic/pgf/utilities/pgfrcs.code.tex (/usr/local/texlive/2023/texmf-dist/tex/generic/pgf/pgf.revision.tex)
Package: pgfrcs 2023-01-15 v3.1.10 (3.1.10)
))
Package: pgf 2023-01-15 v3.1.10 (3.1.10)
 (/usr/local/texlive/2023/texmf-dist/tex/latex/pgf/basiclayer/pgfcore.sty (/usr/local/texlive/2023/texmf-dist/tex/latex/pgf/systemlayer/pgfsys.sty (/usr/local/texlive/2023/texmf-dist/tex/generic/pgf/systemlayer/pgfsys.code.tex
Package: pgfsys 2023-01-15 v3.1.10 (3.1.10)
 (/usr/local/texlive/2023/texmf-dist/tex/generic/pgf/utilities/pgfkeys.code.tex
\pgfkeys@pathtoks=\toks27
\pgfkeys@temptoks=\toks28
 (/usr/local/texlive/2023/texmf-dist/tex/generic/pgf/utilities/pgfkeyslibraryfiltered.code.tex
\pgfkeys@tmptoks=\toks29
))
\pgf@x=\dimen195
\pgf@y=\dimen196
\pgf@xa=\dimen197
\pgf@ya=\dimen198
\pgf@xb=\dimen199
\pgf@yb=\dimen256
\pgf@xc=\dimen257
\pgf@yc=\dimen258
\pgf@xd=\dimen259
\pgf@yd=\dimen260
\w@pgf@writea=\write3
\r@pgf@reada=\read2
\c@pgf@counta=\count303
\c@pgf@countb=\count304
\c@pgf@countc=\count305
\c@pgf@countd=\count306
\t@pgf@toka=\toks30
\t@pgf@tokb=\toks31
\t@pgf@tokc=\toks32
\pgf@sys@id@count=\count307
 (/usr/local/texlive/2023/texmf-dist/tex/generic/pgf/systemlayer/pgf.cfg
File: pgf.cfg 2023-01-15 v3.1.10 (3.1.10)
)
Driver file for pgf: pgfsys-pdftex.def
 (/usr/local/texlive/2023/texmf-dist/tex/generic/pgf/systemlayer/pgfsys-pdftex.def
File: pgfsys-pdftex.def 2023-01-15 v3.1.10 (3.1.10)
 (/usr/local/texlive/2023/texmf-dist/tex/generic/pgf/systemlayer/pgfsys-common-pdf.def
File: pgfsys-common-pdf.def 2023-01-15 v3.1.10 (3.1.10)
))) (/usr/local/texlive/2023/texmf-dist/tex/generic/pgf/systemlayer/pgfsyssoftpath.code.tex
File: pgfsyssoftpath.code.tex 2023-01-15 v3.1.10 (3.1.10)
\pgfsyssoftpath@smallbuffer@items=\count308
\pgfsyssoftpath@bigbuffer@items=\count309
) (/usr/local/texlive/2023/texmf-dist/tex/generic/pgf/systemlayer/pgfsysprotocol.code.tex
File: pgfsysprotocol.code.tex 2023-01-15 v3.1.10 (3.1.10)
)) (/usr/local/texlive/2023/texmf-dist/tex/generic/pgf/basiclayer/pgfcore.code.tex
Package: pgfcore 2023-01-15 v3.1.10 (3.1.10)
 (/usr/local/texlive/2023/texmf-dist/tex/generic/pgf/math/pgfmath.code.tex (/usr/local/texlive/2023/texmf-dist/tex/generic/pgf/math/pgfmathutil.code.tex) (/usr/local/texlive/2023/texmf-dist/tex/generic/pgf/math/pgfmathparser.code.tex
\pgfmath@dimen=\dimen261
\pgfmath@count=\count310
\pgfmath@box=\box115
\pgfmath@toks=\toks33
\pgfmath@stack@operand=\toks34
\pgfmath@stack@operation=\toks35
) (/usr/local/texlive/2023/texmf-dist/tex/generic/pgf/math/pgfmathfunctions.code.tex) (/usr/local/texlive/2023/texmf-dist/tex/generic/pgf/math/pgfmathfunctions.basic.code.tex) (/usr/local/texlive/2023/texmf-dist/tex/generic/pgf/math/pgfmathfunctions.trigonometric.code.tex) (/usr/local/texlive/2023/texmf-dist/tex/generic/pgf/math/pgfmathfunctions.random.code.tex) (/usr/local/texlive/2023/texmf-dist/tex/generic/pgf/math/pgfmathfunctions.comparison.code.tex) (/usr/local/texlive/2023/texmf-dist/tex/generic/pgf/math/pgfmathfunctions.base.code.tex) (/usr/local/texlive/2023/texmf-dist/tex/generic/pgf/math/pgfmathfunctions.round.code.tex) (/usr/local/texlive/2023/texmf-dist/tex/generic/pgf/math/pgfmathfunctions.misc.code.tex) (/usr/local/texlive/2023/texmf-dist/tex/generic/pgf/math/pgfmathfunctions.integerarithmetics.code.tex) (/usr/local/texlive/2023/texmf-dist/tex/generic/pgf/math/pgfmathcalc.code.tex) (/usr/local/texlive/2023/texmf-dist/tex/generic/pgf/math/pgfmathfloat.code.tex
\c@pgfmathroundto@lastzeros=\count311
)) (/usr/local/texlive/2023/texmf-dist/tex/generic/pgf/math/pgfint.code.tex) (/usr/local/texlive/2023/texmf-dist/tex/generic/pgf/basiclayer/pgfcorepoints.code.tex
File: pgfcorepoints.code.tex 2023-01-15 v3.1.10 (3.1.10)
\pgf@picminx=\dimen262
\pgf@picmaxx=\dimen263
\pgf@picminy=\dimen264
\pgf@picmaxy=\dimen265
\pgf@pathminx=\dimen266
\pgf@pathmaxx=\dimen267
\pgf@pathminy=\dimen268
\pgf@pathmaxy=\dimen269
\pgf@xx=\dimen270
\pgf@xy=\dimen271
\pgf@yx=\dimen272
\pgf@yy=\dimen273
\pgf@zx=\dimen274
\pgf@zy=\dimen275
) (/usr/local/texlive/2023/texmf-dist/tex/generic/pgf/basiclayer/pgfcorepathconstruct.code.tex
File: pgfcorepathconstruct.code.tex 2023-01-15 v3.1.10 (3.1.10)
\pgf@path@lastx=\dimen276
\pgf@path@lasty=\dimen277
) (/usr/local/texlive/2023/texmf-dist/tex/generic/pgf/basiclayer/pgfcorepathusage.code.tex
File: pgfcorepathusage.code.tex 2023-01-15 v3.1.10 (3.1.10)
\pgf@shorten@end@additional=\dimen278
\pgf@shorten@start@additional=\dimen279
) (/usr/local/texlive/2023/texmf-dist/tex/generic/pgf/basiclayer/pgfcorescopes.code.tex
File: pgfcorescopes.code.tex 2023-01-15 v3.1.10 (3.1.10)
\pgfpic=\box116
\pgf@hbox=\box117
\pgf@layerbox@main=\box118
\pgf@picture@serial@count=\count312
) (/usr/local/texlive/2023/texmf-dist/tex/generic/pgf/basiclayer/pgfcoregraphicstate.code.tex
File: pgfcoregraphicstate.code.tex 2023-01-15 v3.1.10 (3.1.10)
\pgflinewidth=\dimen280
) (/usr/local/texlive/2023/texmf-dist/tex/generic/pgf/basiclayer/pgfcoretransformations.code.tex
File: pgfcoretransformations.code.tex 2023-01-15 v3.1.10 (3.1.10)
\pgf@pt@x=\dimen281
\pgf@pt@y=\dimen282
\pgf@pt@temp=\dimen283
) (/usr/local/texlive/2023/texmf-dist/tex/generic/pgf/basiclayer/pgfcorequick.code.tex
File: pgfcorequick.code.tex 2023-01-15 v3.1.10 (3.1.10)
) (/usr/local/texlive/2023/texmf-dist/tex/generic/pgf/basiclayer/pgfcoreobjects.code.tex
File: pgfcoreobjects.code.tex 2023-01-15 v3.1.10 (3.1.10)
) (/usr/local/texlive/2023/texmf-dist/tex/generic/pgf/basiclayer/pgfcorepathprocessing.code.tex
File: pgfcorepathprocessing.code.tex 2023-01-15 v3.1.10 (3.1.10)
) (/usr/local/texlive/2023/texmf-dist/tex/generic/pgf/basiclayer/pgfcorearrows.code.tex
File: pgfcorearrows.code.tex 2023-01-15 v3.1.10 (3.1.10)
\pgfarrowsep=\dimen284
) (/usr/local/texlive/2023/texmf-dist/tex/generic/pgf/basiclayer/pgfcoreshade.code.tex
File: pgfcoreshade.code.tex 2023-01-15 v3.1.10 (3.1.10)
\pgf@max=\dimen285
\pgf@sys@shading@range@num=\count313
\pgf@shadingcount=\count314
) (/usr/local/texlive/2023/texmf-dist/tex/generic/pgf/basiclayer/pgfcoreimage.code.tex
File: pgfcoreimage.code.tex 2023-01-15 v3.1.10 (3.1.10)
) (/usr/local/texlive/2023/texmf-dist/tex/generic/pgf/basiclayer/pgfcoreexternal.code.tex
File: pgfcoreexternal.code.tex 2023-01-15 v3.1.10 (3.1.10)
\pgfexternal@startupbox=\box119
) (/usr/local/texlive/2023/texmf-dist/tex/generic/pgf/basiclayer/pgfcorelayers.code.tex
File: pgfcorelayers.code.tex 2023-01-15 v3.1.10 (3.1.10)
) (/usr/local/texlive/2023/texmf-dist/tex/generic/pgf/basiclayer/pgfcoretransparency.code.tex
File: pgfcoretransparency.code.tex 2023-01-15 v3.1.10 (3.1.10)
) (/usr/local/texlive/2023/texmf-dist/tex/generic/pgf/basiclayer/pgfcorepatterns.code.tex
File: pgfcorepatterns.code.tex 2023-01-15 v3.1.10 (3.1.10)
) (/usr/local/texlive/2023/texmf-dist/tex/generic/pgf/basiclayer/pgfcorerdf.code.tex
File: pgfcorerdf.code.tex 2023-01-15 v3.1.10 (3.1.10)
))) (/usr/local/texlive/2023/texmf-dist/tex/generic/pgf/modules/pgfmoduleshapes.code.tex
File: pgfmoduleshapes.code.tex 2023-01-15 v3.1.10 (3.1.10)
\pgfnodeparttextbox=\box120
) (/usr/local/texlive/2023/texmf-dist/tex/generic/pgf/modules/pgfmoduleplot.code.tex
File: pgfmoduleplot.code.tex 2023-01-15 v3.1.10 (3.1.10)
) (/usr/local/texlive/2023/texmf-dist/tex/latex/pgf/compatibility/pgfcomp-version-0-65.sty
Package: pgfcomp-version-0-65 2023-01-15 v3.1.10 (3.1.10)
\pgf@nodesepstart=\dimen286
\pgf@nodesepend=\dimen287
) (/usr/local/texlive/2023/texmf-dist/tex/latex/pgf/compatibility/pgfcomp-version-1-18.sty
Package: pgfcomp-version-1-18 2023-01-15 v3.1.10 (3.1.10)
)) (/usr/local/texlive/2023/texmf-dist/tex/latex/pgf/utilities/pgffor.sty (/usr/local/texlive/2023/texmf-dist/tex/latex/pgf/utilities/pgfkeys.sty (/usr/local/texlive/2023/texmf-dist/tex/generic/pgf/utilities/pgfkeys.code.tex)) (/usr/local/texlive/2023/texmf-dist/tex/latex/pgf/math/pgfmath.sty (/usr/local/texlive/2023/texmf-dist/tex/generic/pgf/math/pgfmath.code.tex)) (/usr/local/texlive/2023/texmf-dist/tex/generic/pgf/utilities/pgffor.code.tex
Package: pgffor 2023-01-15 v3.1.10 (3.1.10)
\pgffor@iter=\dimen288
\pgffor@skip=\dimen289
\pgffor@stack=\toks36
\pgffor@toks=\toks37
)) (/usr/local/texlive/2023/texmf-dist/tex/generic/pgf/frontendlayer/tikz/tikz.code.tex
Package: tikz 2023-01-15 v3.1.10 (3.1.10)
 (/usr/local/texlive/2023/texmf-dist/tex/generic/pgf/libraries/pgflibraryplothandlers.code.tex
File: pgflibraryplothandlers.code.tex 2023-01-15 v3.1.10 (3.1.10)
\pgf@plot@mark@count=\count315
\pgfplotmarksize=\dimen290
)
\tikz@lastx=\dimen291
\tikz@lasty=\dimen292
\tikz@lastxsaved=\dimen293
\tikz@lastysaved=\dimen294
\tikz@lastmovetox=\dimen295
\tikz@lastmovetoy=\dimen296
\tikzleveldistance=\dimen297
\tikzsiblingdistance=\dimen298
\tikz@figbox=\box121
\tikz@figbox@bg=\box122
\tikz@tempbox=\box123
\tikz@tempbox@bg=\box124
\tikztreelevel=\count316
\tikznumberofchildren=\count317
\tikznumberofcurrentchild=\count318
\tikz@fig@count=\count319
 (/usr/local/texlive/2023/texmf-dist/tex/generic/pgf/modules/pgfmodulematrix.code.tex
File: pgfmodulematrix.code.tex 2023-01-15 v3.1.10 (3.1.10)
\pgfmatrixcurrentrow=\count320
\pgfmatrixcurrentcolumn=\count321
\pgf@matrix@numberofcolumns=\count322
)
\tikz@expandcount=\count323
 (/usr/local/texlive/2023/texmf-dist/tex/generic/pgf/frontendlayer/tikz/libraries/tikzlibrarytopaths.code.tex
File: tikzlibrarytopaths.code.tex 2023-01-15 v3.1.10 (3.1.10)
))) (/usr/local/texlive/2023/texmf-dist/tex/latex/nicematrix/nicematrix.sty (/usr/local/texlive/2023/texmf-dist/tex/latex/l3packages/l3keys2e/l3keys2e.sty (/usr/local/texlive/2023/texmf-dist/tex/latex/l3kernel/expl3.sty
Package: expl3 2023-02-22 L3 programming layer (loader) 
 (/usr/local/texlive/2023/texmf-dist/tex/latex/l3backend/l3backend-pdftex.def
File: l3backend-pdftex.def 2023-01-16 L3 backend support: PDF output (pdfTeX)
\l__color_backend_stack_int=\count324
\l__pdf_internal_box=\box125
))
Package: l3keys2e 2023-02-02 LaTeX2e option processing using LaTeX3 keys
)
Package: nicematrix 2023/03/06 v6.16 Enhanced arrays with the help of PGF/TikZ
 (/usr/local/texlive/2023/texmf-dist/tex/latex/amsmath/amsmath.sty
Package: amsmath 2022/04/08 v2.17n AMS math features
\@mathmargin=\skip85

For additional information on amsmath, use the `?' option.
(/usr/local/texlive/2023/texmf-dist/tex/latex/amsmath/amsbsy.sty
Package: amsbsy 1999/11/29 v1.2d Bold Symbols
\pmbraise@=\dimen299
) (/usr/local/texlive/2023/texmf-dist/tex/latex/amsmath/amsopn.sty
Package: amsopn 2022/04/08 v2.04 operator names
)
\inf@bad=\count325
LaTeX Info: Redefining \frac on input line 234.
\uproot@=\count326
\leftroot@=\count327
LaTeX Info: Redefining \overline on input line 399.
LaTeX Info: Redefining \colon on input line 410.
\classnum@=\count328
\DOTSCASE@=\count329
LaTeX Info: Redefining \ldots on input line 496.
LaTeX Info: Redefining \dots on input line 499.
LaTeX Info: Redefining \cdots on input line 620.
\Mathstrutbox@=\box126
\strutbox@=\box127
LaTeX Info: Redefining \big on input line 722.
LaTeX Info: Redefining \Big on input line 723.
LaTeX Info: Redefining \bigg on input line 724.
LaTeX Info: Redefining \Bigg on input line 725.
\big@size=\dimen300
LaTeX Font Info:    Redeclaring font encoding OML on input line 743.
LaTeX Font Info:    Redeclaring font encoding OMS on input line 744.
\macc@depth=\count330
LaTeX Info: Redefining \bmod on input line 905.
LaTeX Info: Redefining \pmod on input line 910.
LaTeX Info: Redefining \smash on input line 940.
LaTeX Info: Redefining \relbar on input line 970.
LaTeX Info: Redefining \Relbar on input line 971.
\c@MaxMatrixCols=\count331
\dotsspace@=\muskip16
\c@parentequation=\count332
\dspbrk@lvl=\count333
\tag@help=\toks38
\row@=\count334
\column@=\count335
\maxfields@=\count336
\andhelp@=\toks39
\eqnshift@=\dimen301
\alignsep@=\dimen302
\tagshift@=\dimen303
\tagwidth@=\dimen304
\totwidth@=\dimen305
\lineht@=\dimen306
\@envbody=\toks40
\multlinegap=\skip86
\multlinetaggap=\skip87
\mathdisplay@stack=\toks41
LaTeX Info: Redefining \[ on input line 2953.
LaTeX Info: Redefining \] on input line 2954.
)
\g__nicematrix_env_int=\count337
\g__nicematrix_NiceMatrixBlock_int=\count338
\l__nicematrix_note_in_caption_int=\count339
\l__nicematrix_columns_width_dim=\dimen307
\l__nicematrix_col_width_dim=\dimen308
\g__nicematrix_row_total_int=\count340
\g__nicematrix_col_total_int=\count341
\g__nicematrix_last_row_node_int=\count342
\l__nicematrix_key_nb_rows_int=\count343
\g__nicematrix_blocks_wd_dim=\dimen309
\g__nicematrix_blocks_ht_dim=\dimen310
\g__nicematrix_blocks_dp_dim=\dimen311
\l__nicematrix_width_dim=\dimen312
\l__nicematrix_tabular_width_dim=\dimen313
\l__nicematrix_rule_width_dim=\dimen314
\l__nicematrix_old_iRow_int=\count344
\l__nicematrix_old_jCol_int=\count345
\g__nicematrix_total_X_weight_int=\count346
\l__nicematrix_X_columns_dim=\dimen315
\l__nicematrix_x_initial_dim=\dimen316
\l__nicematrix_y_initial_dim=\dimen317
\l__nicematrix_x_final_dim=\dimen318
\l__nicematrix_y_final_dim=\dimen319
\l__nicematrix_tmpc_dim=\dimen320
\l__nicematrix_tmpd_dim=\dimen321
\g__nicematrix_width_last_col_dim=\dimen322
\g__nicematrix_width_first_col_dim=\dimen323
\l__nicematrix_row_min_int=\count347
\l__nicematrix_row_max_int=\count348
\l__nicematrix_col_min_int=\count349
\l__nicematrix_col_max_int=\count350
\g__nicematrix_static_num_of_col_int=\count351
\l__nicematrix_rounded_corners_dim=\dimen324
\l__nicematrix_line_width_dim=\dimen325
\g__nicematrix_block_box_int=\count352
\l__nicematrix_submatrix_extra_height_dim=\dimen326
\l__nicematrix_submatrix_left_xshift_dim=\dimen327
\l__nicematrix_submatrix_right_xshift_dim=\dimen328
\l__nicematrix_first_row_int=\count353
\l__nicematrix_first_col_int=\count354
\l__nicematrix_last_row_int=\count355
\l__nicematrix_last_col_int=\count356
\c@tabularnote=\count357
\c@nicematrix_draft=\count358
\l__nicematrix_cell_space_top_limit_dim=\dimen329
\l__nicematrix_cell_space_bottom_limit_dim=\dimen330
\l__nicematrix_xdots_inter_dim=\dimen331
\l__nicematrix_xdots_shorten_start_dim=\dimen332
\l__nicematrix_xdots_shorten_end_dim=\dimen333
\l__nicematrix_xdots_radius_dim=\dimen334
\l__nicematrix_notes_above_space_dim=\dimen335
\l__nicematrix_left_margin_dim=\dimen336
\l__nicematrix_right_margin_dim=\dimen337
\l__nicematrix_extra_left_margin_dim=\dimen338
\l__nicematrix_extra_right_margin_dim=\dimen339
\c__nicematrix_max_l_dim=\dimen340
\l__nicematrix_position_int=\count359
\l__nicematrix_start_int=\count360
\l__nicematrix_multiplicity_int=\count361
\l__nicematrix_brace_yshift_dim=\dimen341
) (/usr/local/texlive/2023/texmf-dist/tex/latex/titlesec/titlesec.sty
Package: titlesec 2021/07/05 v2.14 Sectioning titles
\ttl@box=\box128
\beforetitleunit=\skip88
\aftertitleunit=\skip89
\ttl@plus=\dimen342
\ttl@minus=\dimen343
\ttl@toksa=\toks42
\titlewidth=\dimen344
\titlewidthlast=\dimen345
\titlewidthfirst=\dimen346
) (/usr/local/texlive/2023/texmf-dist/tex/latex/hyperref/hyperref.sty
Package: hyperref 2023-02-07 v7.00v Hypertext links for LaTeX
 (/usr/local/texlive/2023/texmf-dist/tex/generic/kvdefinekeys/kvdefinekeys.sty
Package: kvdefinekeys 2019-12-19 v1.6 Define keys (HO)
) (/usr/local/texlive/2023/texmf-dist/tex/generic/pdfescape/pdfescape.sty
Package: pdfescape 2019/12/09 v1.15 Implements pdfTeX's escape features (HO)
) (/usr/local/texlive/2023/texmf-dist/tex/latex/hycolor/hycolor.sty
Package: hycolor 2020-01-27 v1.10 Color options for hyperref/bookmark (HO)
) (/usr/local/texlive/2023/texmf-dist/tex/latex/letltxmacro/letltxmacro.sty
Package: letltxmacro 2019/12/03 v1.6 Let assignment for LaTeX macros (HO)
) (/usr/local/texlive/2023/texmf-dist/tex/latex/auxhook/auxhook.sty
Package: auxhook 2019-12-17 v1.6 Hooks for auxiliary files (HO)
) (/usr/local/texlive/2023/texmf-dist/tex/latex/hyperref/nameref.sty
Package: nameref 2022-05-17 v2.50 Cross-referencing by name of section
 (/usr/local/texlive/2023/texmf-dist/tex/latex/refcount/refcount.sty
Package: refcount 2019/12/15 v3.6 Data extraction from label references (HO)
) (/usr/local/texlive/2023/texmf-dist/tex/generic/gettitlestring/gettitlestring.sty
Package: gettitlestring 2019/12/15 v1.6 Cleanup title references (HO)
)
\c@section@level=\count362
)
\@linkdim=\dimen347
\Hy@linkcounter=\count363
\Hy@pagecounter=\count364
 (/usr/local/texlive/2023/texmf-dist/tex/latex/hyperref/pd1enc.def
File: pd1enc.def 2023-02-07 v7.00v Hyperref: PDFDocEncoding definition (HO)
Now handling font encoding PD1 ...
... no UTF-8 mapping file for font encoding PD1
) (/usr/local/texlive/2023/texmf-dist/tex/generic/intcalc/intcalc.sty
Package: intcalc 2019/12/15 v1.3 Expandable calculations with integers (HO)
) (/usr/local/texlive/2023/texmf-dist/tex/generic/etexcmds/etexcmds.sty
Package: etexcmds 2019/12/15 v1.7 Avoid name clashes with e-TeX commands (HO)
)
\Hy@SavedSpaceFactor=\count365
 (/usr/local/texlive/2023/texmf-dist/tex/latex/hyperref/puenc.def
File: puenc.def 2023-02-07 v7.00v Hyperref: PDF Unicode definition (HO)
Now handling font encoding PU ...
... no UTF-8 mapping file for font encoding PU
)
Package hyperref Info: Hyper figures OFF on input line 4177.
Package hyperref Info: Link nesting OFF on input line 4182.
Package hyperref Info: Hyper index ON on input line 4185.
Package hyperref Info: Plain pages OFF on input line 4192.
Package hyperref Info: Backreferencing OFF on input line 4197.
Package hyperref Info: Implicit mode ON; LaTeX internals redefined.
Package hyperref Info: Bookmarks ON on input line 4425.
\c@Hy@tempcnt=\count366
 (/usr/local/texlive/2023/texmf-dist/tex/latex/url/url.sty
\Urlmuskip=\muskip17
Package: url 2013/09/16  ver 3.4  Verb mode for urls, etc.
)
LaTeX Info: Redefining \url on input line 4763.
\XeTeXLinkMargin=\dimen348
 (/usr/local/texlive/2023/texmf-dist/tex/generic/bitset/bitset.sty
Package: bitset 2019/12/09 v1.3 Handle bit-vector datatype (HO)
 (/usr/local/texlive/2023/texmf-dist/tex/generic/bigintcalc/bigintcalc.sty
Package: bigintcalc 2019/12/15 v1.5 Expandable calculations on big integers (HO)
))
\Fld@menulength=\count367
\Field@Width=\dimen349
\Fld@charsize=\dimen350
Package hyperref Info: Hyper figures OFF on input line 6042.
Package hyperref Info: Link nesting OFF on input line 6047.
Package hyperref Info: Hyper index ON on input line 6050.
Package hyperref Info: backreferencing OFF on input line 6057.
Package hyperref Info: Link coloring OFF on input line 6062.
Package hyperref Info: Link coloring with OCG OFF on input line 6067.
Package hyperref Info: PDF/A mode OFF on input line 6072.
 (/usr/local/texlive/2023/texmf-dist/tex/latex/base/atbegshi-ltx.sty
Package: atbegshi-ltx 2021/01/10 v1.0c Emulation of the original atbegshi
package with kernel methods
)
\Hy@abspage=\count368
\c@Item=\count369
\c@Hfootnote=\count370
)
Package hyperref Info: Driver (autodetected): hpdftex.
 (/usr/local/texlive/2023/texmf-dist/tex/latex/hyperref/hpdftex.def
File: hpdftex.def 2023-02-07 v7.00v Hyperref driver for pdfTeX
 (/usr/local/texlive/2023/texmf-dist/tex/latex/base/atveryend-ltx.sty
Package: atveryend-ltx 2020/08/19 v1.0a Emulation of the original atveryend package
with kernel methods
)
\Fld@listcount=\count371
\c@bookmark@seq@number=\count372
 (/usr/local/texlive/2023/texmf-dist/tex/latex/rerunfilecheck/rerunfilecheck.sty
Package: rerunfilecheck 2022-07-10 v1.10 Rerun checks for auxiliary files (HO)
 (/usr/local/texlive/2023/texmf-dist/tex/generic/uniquecounter/uniquecounter.sty
Package: uniquecounter 2019/12/15 v1.4 Provide unlimited unique counter (HO)
)
Package uniquecounter Info: New unique counter `rerunfilecheck' on input line 285.
)
\Hy@SectionHShift=\skip90
))
Package translations Info: No language package found. I am going to use `english' as default language. on input line 5.
LaTeX Font Info:    Trying to load font information for OT1+bch on input line 5.
 (/usr/local/texlive/2023/texmf-dist/tex/latex/psnfss/ot1bch.fd
File: ot1bch.fd 2004/10/18 font definitions for OT1/bch.
) (./Chapter_4.aux)
\openout1 = `Chapter_4.aux'.

LaTeX Font Info:    Checking defaults for OML/cmm/m/it on input line 5.
LaTeX Font Info:    ... okay on input line 5.
LaTeX Font Info:    Checking defaults for OMS/cmsy/m/n on input line 5.
LaTeX Font Info:    ... okay on input line 5.
LaTeX Font Info:    Checking defaults for OT1/cmr/m/n on input line 5.
LaTeX Font Info:    ... okay on input line 5.
LaTeX Font Info:    Checking defaults for T1/cmr/m/n on input line 5.
LaTeX Font Info:    ... okay on input line 5.
LaTeX Font Info:    Checking defaults for TS1/cmr/m/n on input line 5.
LaTeX Font Info:    ... okay on input line 5.
LaTeX Font Info:    Checking defaults for OMX/cmex/m/n on input line 5.
LaTeX Font Info:    ... okay on input line 5.
LaTeX Font Info:    Checking defaults for U/cmr/m/n on input line 5.
LaTeX Font Info:    ... okay on input line 5.
LaTeX Font Info:    Checking defaults for PD1/pdf/m/n on input line 5.
LaTeX Font Info:    ... okay on input line 5.
LaTeX Font Info:    Checking defaults for PU/pdf/m/n on input line 5.
LaTeX Font Info:    ... okay on input line 5.
 (/usr/local/texlive/2023/texmf-dist/tex/context/base/mkii/supp-pdf.mkii
[Loading MPS to PDF converter (version 2006.09.02).]
\scratchcounter=\count373
\scratchdimen=\dimen351
\scratchbox=\box129
\nofMPsegments=\count374
\nofMParguments=\count375
\everyMPshowfont=\toks43
\MPscratchCnt=\count376
\MPscratchDim=\dimen352
\MPnumerator=\count377
\makeMPintoPDFobject=\count378
\everyMPtoPDFconversion=\toks44
) (/usr/local/texlive/2023/texmf-dist/tex/latex/epstopdf-pkg/epstopdf-base.sty
Package: epstopdf-base 2020-01-24 v2.11 Base part for package epstopdf
Package epstopdf-base Info: Redefining graphics rule for `.eps' on input line 485.
 (/usr/local/texlive/2023/texmf-dist/tex/latex/latexconfig/epstopdf-sys.cfg
File: epstopdf-sys.cfg 2010/07/13 v1.3 Configuration of (r)epstopdf for TeX Live
))
Package caption Info: Begin \AtBeginDocument code.
Package caption Info: hyperref package is loaded.
Package caption Info: longtable package is loaded.
 (/usr/local/texlive/2023/texmf-dist/tex/latex/caption/ltcaption.sty
Package: ltcaption 2021/01/08 v1.4c longtable captions (AR)
)
Package caption Info: End \AtBeginDocument code.
 (/usr/local/texlive/2023/texmf-dist/tex/latex/translations/translations-basic-dictionary-english.trsl
File: translations-basic-dictionary-english.trsl (english translation file `translations-basic-dictionary')
)
Package translations Info: loading dictionary `translations-basic-dictionary' for `english'. on input line 5.

*geometry* driver: auto-detecting
*geometry* detected driver: pdftex
*geometry* verbose mode - [ preamble ] result:
* driver: pdftex
* paper: a4paper
* layout: <same size as paper>
* layoutoffset:(h,v)=(0.0pt,0.0pt)
* modes: twoside 
* h-part:(L,W,R)=(59.75095pt, 478.00598pt, 59.75095pt)
* v-part:(T,H,B)=(85.35826pt, 674.33032pt, 85.35826pt)
* \paperwidth=597.50787pt
* \paperheight=845.04684pt
* \textwidth=478.00598pt
* \textheight=674.33032pt
* \oddsidemargin=-12.51904pt
* \evensidemargin=-12.51904pt
* \topmargin=-18.78552pt
* \headheight=15.0pt
* \headsep=19.8738pt
* \topskip=12.0pt
* \footskip=30.0pt
* \marginparwidth=88.0pt
* \marginparsep=7.0pt
* \columnsep=10.0pt
* \skip\footins=10.8pt plus 4.0pt minus 2.0pt
* \hoffset=0.0pt
* \voffset=0.0pt
* \mag=1000
* \@twocolumnfalse
* \@twosidetrue
* \@mparswitchtrue
* \@reversemarginfalse
* (1in=72.27pt=25.4mm, 1cm=28.453pt)

LaTeX Font Info:    Trying to load font information for U+msa on input line 5.
(/usr/local/texlive/2023/texmf-dist/tex/latex/amsfonts/umsa.fd
File: umsa.fd 2013/01/14 v3.01 AMS symbols A
)
LaTeX Font Info:    Trying to load font information for U+msb on input line 5.
 (/usr/local/texlive/2023/texmf-dist/tex/latex/amsfonts/umsb.fd
File: umsb.fd 2013/01/14 v3.01 AMS symbols B
)
\c@tabularnotesi=\count379
\enitdp@tabularnotes=\count380
\c@tabularnotes*i=\count381
\enitdp@tabularnotes*=\count382
Package hyperref Info: Link coloring OFF on input line 5.
 (./Chapter_4.out) (./Chapter_4.out)
\@outlinefile=\write4
\openout4 = `Chapter_4.out'.


Chapter 4.

Underfull \hbox (badness 10000) in paragraph at lines 10--10
 |[]    
 []


Overfull \hbox (4.30417pt too wide) in paragraph at lines 10--10
 []|[]\OT1/bch/b/n/24.88 Chapter
 []


Underfull \hbox (badness 2941) in paragraph at lines 10--10
 \OT1/bch/b/n/24.88 4[]|
 []


Overfull \hbox (1.8341pt too wide) in paragraph at lines 10--10
 |[] 
 []


Underfull \hbox (badness 10000) in paragraph at lines 10--10
 | 
 []

LaTeX Font Info:    Trying to load font information for TS1+bch on input line 19.
(/usr/local/texlive/2023/texmf-dist/tex/latex/psnfss/ts1bch.fd
File: ts1bch.fd 2004/10/18 font definitions for TS1/bch.
)
<Pics//D4Z/4-1.png, id=104, 234.8775pt x 170.4915pt>
File: Pics//D4Z/4-1.png Graphic file (type png)
<use Pics//D4Z/4-1.png>
Package pdftex.def Info: Pics//D4Z/4-1.png  used on input line 26.
(pdftex.def)             Requested size: 286.8065pt x 208.18661pt.

Underfull \hbox (badness 10000) in paragraph at lines 27--27
 []\OT1/bch/b/n/12 Figure 4.1. |Build-ing, flash-ing, and de-bug- 
 []


Underfull \hbox (badness 10000) in paragraph at lines 27--27
 \OT1/bch/b/n/12 ging tools for de-vel-op-ment and mass pro-duc-tion| 
 []


LaTeX Warning: `!h' float specifier changed to `!ht'.


Underfull \vbox (badness 10000) has occurred while \output is active []

 [1


{/usr/local/texlive/2023/texmf-var/fonts/map/pdftex/updmap/pdftex.map}{/usr/local/texlive/2023/texmf-dist/fonts/enc/dvips/base/8r.enc}]

LaTeX Font Warning: Font shape `OT1/cmss/b/n' undefined
(Font)              using `OT1/cmss/bx/n' instead on input line 59.

LaTeX Font Info:    Font shape `OT1/cmss/m/it' in size <12> not available
(Font)              Font shape `OT1/cmss/m/sl' tried instead on input line 59.
[2 <./Pics//D4Z/4-1.png>]
LaTeX Font Info:    Trying to load font information for OT1+pcr on input line 60.
 (/usr/local/texlive/2023/texmf-dist/tex/latex/psnfss/ot1pcr.fd
File: ot1pcr.fd 2001/06/04 font definitions for OT1/pcr.
)
Underfull \vbox (badness 10000) has occurred while \output is active []



LaTeX Font Warning: Font shape `OT1/cmss/b/n' undefined
(Font)              using `OT1/cmss/bx/n' instead on input line 74.

[3]
<Pics//D4Z/4-2.png, id=128, 153.57375pt x 364.36125pt>
File: Pics//D4Z/4-2.png Graphic file (type png)
<use Pics//D4Z/4-2.png>
Package pdftex.def Info: Pics//D4Z/4-2.png  used on input line 90.
(pdftex.def)             Requested size: 167.30501pt x 396.96242pt.


LaTeX Warning: `!h' float specifier changed to `!ht'.


Underfull \vbox (badness 10000) has occurred while \output is active []



LaTeX Font Warning: Font shape `OT1/cmss/b/n' undefined
(Font)              using `OT1/cmss/bx/n' instead on input line 99.

[4]
Underfull \vbox (badness 10000) has occurred while \output is active []



LaTeX Font Warning: Font shape `OT1/cmss/b/n' undefined
(Font)              using `OT1/cmss/bx/n' instead on input line 104.

[5 <./Pics//D4Z/4-2.png>]
LaTeX Font Info:    Trying to load font information for OT1+phv on input line 110.
 (/usr/local/texlive/2023/texmf-dist/tex/latex/psnfss/ot1phv.fd
File: ot1phv.fd 2020/03/25 scalable font definitions for OT1/phv.
)
Underfull \vbox (badness 10000) has occurred while \output is active []



LaTeX Font Warning: Font shape `OT1/cmss/b/n' undefined
(Font)              using `OT1/cmss/bx/n' instead on input line 125.

[6]
<Pics//D4Z/4-3.png, id=153, 289.08pt x 203.68095pt>
File: Pics//D4Z/4-3.png Graphic file (type png)
<use Pics//D4Z/4-3.png>
Package pdftex.def Info: Pics//D4Z/4-3.png  used on input line 137.
(pdftex.def)             Requested size: 358.50449pt x 252.60838pt.


LaTeX Font Warning: Font shape `OT1/cmss/b/n' undefined
(Font)              using `OT1/cmss/bx/n' instead on input line 145.

[7 <./Pics//D4Z/4-3.png>]
Overfull \hbox (4.0pt too wide) in paragraph at lines 161--162
[][]
 []


Underfull \hbox (badness 10000) in paragraph at lines 161--162

 []


Underfull \vbox (badness 10000) has occurred while \output is active []



LaTeX Font Warning: Font shape `OT1/cmss/b/n' undefined
(Font)              using `OT1/cmss/bx/n' instead on input line 165.

[8]
LaTeX Font Info:    Trying to load font information for TS1+pcr on input line 171.
 (/usr/local/texlive/2023/texmf-dist/tex/latex/psnfss/ts1pcr.fd
File: ts1pcr.fd 2001/06/04 font definitions for TS1/pcr.
)
Overfull \hbox (4.0pt too wide) in paragraph at lines 170--173
[][] 
 []


Overfull \hbox (4.0pt too wide) in paragraph at lines 175--176
[][]
 []


Underfull \hbox (badness 10000) in paragraph at lines 175--176

 []


Overfull \hbox (4.0pt too wide) in paragraph at lines 181--182
[][]
 []


Underfull \hbox (badness 10000) in paragraph at lines 181--182

 []


Overfull \hbox (4.0pt too wide) in paragraph at lines 187--192
[][] 
 []


LaTeX Font Warning: Font shape `OT1/cmss/b/n' undefined
(Font)              using `OT1/cmss/bx/n' instead on input line 194.

[9]
Overfull \hbox (4.0pt too wide) in paragraph at lines 197--200
[][] 
 []


Overfull \hbox (4.0pt too wide) in paragraph at lines 208--213
[][] 
 []


Overfull \hbox (4.0pt too wide) in paragraph at lines 218--221
[][] 
 []


Overfull \hbox (4.0pt too wide) in paragraph at lines 228--229
[][]
 []


Underfull \hbox (badness 10000) in paragraph at lines 228--229

 []


LaTeX Font Warning: Font shape `OT1/cmss/b/n' undefined
(Font)              using `OT1/cmss/bx/n' instead on input line 237.

[10]
<Pics//D4Z/4-4.png, id=186, 269.50688pt x 129.48375pt>
File: Pics//D4Z/4-4.png Graphic file (type png)
<use Pics//D4Z/4-4.png>
Package pdftex.def Info: Pics//D4Z/4-4.png  used on input line 249.
(pdftex.def)             Requested size: 195.98419pt x 94.16077pt.
<Pics//D4Z/4-5.png, id=188, 450.18187pt x 349.305pt>
File: Pics//D4Z/4-5.png Graphic file (type png)
<use Pics//D4Z/4-5.png>
Package pdftex.def Info: Pics//D4Z/4-5.png  used on input line 258.
(pdftex.def)             Requested size: 253.34258pt x 196.57417pt.


LaTeX Font Warning: Font shape `OT1/cmss/b/n' undefined
(Font)              using `OT1/cmss/bx/n' instead on input line 264.

[11 <./Pics//D4Z/4-4.png (PNG copy)> <./Pics//D4Z/4-5.png (PNG copy)>]
<Pics//D4Z/4-6.png, id=198, 450.18187pt x 349.305pt>
File: Pics//D4Z/4-6.png Graphic file (type png)
<use Pics//D4Z/4-6.png>
Package pdftex.def Info: Pics//D4Z/4-6.png  used on input line 267.
(pdftex.def)             Requested size: 253.34258pt x 196.57417pt.

Overfull \hbox (2.44276pt too wide) in paragraph at lines 272--273
[][]  
 []

<Pics//D4Z/4-7.png, id=201, 450.18187pt x 349.305pt>
File: Pics//D4Z/4-7.png Graphic file (type png)
<use Pics//D4Z/4-7.png>
Package pdftex.def Info: Pics//D4Z/4-7.png  used on input line 278.
(pdftex.def)             Requested size: 253.34258pt x 196.57417pt.

LaTeX Font Warning: Font shape `OT1/cmss/b/n' undefined
(Font)              using `OT1/cmss/bx/n' instead on input line 284.

[12 <./Pics//D4Z/4-6.png (PNG copy)> <./Pics//D4Z/4-7.png (PNG copy)>]
<Pics//D4Z/4-8.png, id=211, 450.18187pt x 349.305pt>
File: Pics//D4Z/4-8.png Graphic file (type png)
<use Pics//D4Z/4-8.png>
Package pdftex.def Info: Pics//D4Z/4-8.png  used on input line 287.
(pdftex.def)             Requested size: 262.90474pt x 203.99881pt.
<Pics//D4Z/4-9.png, id=214, 450.18187pt x 349.305pt>
File: Pics//D4Z/4-9.png Graphic file (type png)
<use Pics//D4Z/4-9.png>
Package pdftex.def Info: Pics//D4Z/4-9.png  used on input line 296.
(pdftex.def)             Requested size: 262.90474pt x 203.99881pt.
<Pics//D4Z/4-10.png, id=215, 450.18187pt x 349.305pt>
File: Pics//D4Z/4-10.png Graphic file (type png)
<use Pics//D4Z/4-10.png>
Package pdftex.def Info: Pics//D4Z/4-10.png  used on input line 303.
(pdftex.def)             Requested size: 262.90474pt x 203.99881pt.


LaTeX Warning: `!h' float specifier changed to `!ht'.


LaTeX Font Warning: Font shape `OT1/cmss/b/n' undefined
(Font)              using `OT1/cmss/bx/n' instead on input line 309.

[13 <./Pics//D4Z/4-8.png (PNG copy)> <./Pics//D4Z/4-9.png (PNG copy)>]
<Pics//D4Z/4-11.png, id=228, 450.18187pt x 349.305pt>
File: Pics//D4Z/4-11.png Graphic file (type png)
<use Pics//D4Z/4-11.png>
Package pdftex.def Info: Pics//D4Z/4-11.png  used on input line 312.
(pdftex.def)             Requested size: 262.90474pt x 203.99881pt.
<Pics//D4Z/4-12.png, id=231, 445.665pt x 98.61844pt>
File: Pics//D4Z/4-12.png Graphic file (type png)
<use Pics//D4Z/4-12.png>
Package pdftex.def Info: Pics//D4Z/4-12.png  used on input line 321.
(pdftex.def)             Requested size: 191.19946pt x 42.30878pt.


LaTeX Warning: `!h' float specifier changed to `!ht'.

<Pics//D4Z/4-13.png, id=232, 694.84593pt x 471.26062pt>
File: Pics//D4Z/4-13.png Graphic file (type png)
<use Pics//D4Z/4-13.png>
Package pdftex.def Info: Pics//D4Z/4-13.png  used on input line 328.
(pdftex.def)             Requested size: 262.90474pt x 178.30428pt.

LaTeX Warning: `!h' float specifier changed to `!ht'.


LaTeX Font Warning: Font shape `OT1/cmss/b/n' undefined
(Font)              using `OT1/cmss/bx/n' instead on input line 336.

[14 <./Pics//D4Z/4-10.png (PNG copy)> <./Pics//D4Z/4-11.png (PNG copy)>]
Overfull \hbox (4.0pt too wide) in paragraph at lines 342--345
[][] 
 []


Overfull \hbox (1.99402pt too wide) in paragraph at lines 351--351
[]|\OT1/pcr/m/n/10 % \OT1/pcr/b/n/10 /bin/bash -c "\TS1/pcr/b/n/10 $\OT1/pcr/b/n/10 (curl -fsSL https://raw.githubusercontent.com/Homebrew/install/  
 []


Overfull \hbox (4.0pt too wide) in paragraph at lines 350--353
[][] 
 []


Overfull \hbox (4.0pt too wide) in paragraph at lines 358--361
[][] 
 []


Underfull \vbox (badness 3942) has occurred while \output is active []



LaTeX Font Warning: Font shape `OT1/cmss/b/n' undefined
(Font)              using `OT1/cmss/bx/n' instead on input line 369.

[15 <./Pics//D4Z/4-12.png (PNG copy)> <./Pics//D4Z/4-13.png (PNG copy)>]
Overfull \hbox (4.0pt too wide) in paragraph at lines 378--379
[][]
 []


Underfull \hbox (badness 10000) in paragraph at lines 378--379

 []


Underfull \vbox (badness 10000) has occurred while \output is active []



LaTeX Font Warning: Font shape `OT1/cmss/b/n' undefined
(Font)              using `OT1/cmss/bx/n' instead on input line 395.

[16]
Underfull \vbox (badness 10000) has occurred while \output is active []



LaTeX Font Warning: Font shape `OT1/cmss/b/n' undefined
(Font)              using `OT1/cmss/bx/n' instead on input line 416.

[17]
<Pics//D4Z/4-14.png, id=255, 128.3997pt x 241.8636pt>
File: Pics//D4Z/4-14.png Graphic file (type png)
<use Pics//D4Z/4-14.png>
Package pdftex.def Info: Pics//D4Z/4-14.png  used on input line 419.
(pdftex.def)             Requested size: 167.30501pt x 315.16812pt.


LaTeX Font Warning: Font shape `OT1/cmss/b/n' undefined
(Font)              using `OT1/cmss/bx/n' instead on input line 430.

[18 <./Pics//D4Z/4-14.png>]
Underfull \vbox (badness 10000) has occurred while \output is active []



LaTeX Font Warning: Font shape `OT1/cmss/b/n' undefined
(Font)              using `OT1/cmss/bx/n' instead on input line 447.

[19]
Underfull \vbox (badness 10000) has occurred while \output is active []



LaTeX Font Warning: Font shape `OT1/cmss/b/n' undefined
(Font)              using `OT1/cmss/bx/n' instead on input line 467.

[20]
Overfull \hbox (4.0pt too wide) in paragraph at lines 475--482
[][] 
 []


Underfull \vbox (badness 10000) has occurred while \output is active []



LaTeX Font Warning: Font shape `OT1/cmss/b/n' undefined
(Font)              using `OT1/cmss/bx/n' instead on input line 489.

[21]
Overfull \hbox (4.0pt too wide) in paragraph at lines 491--498
[][] 
 []


Underfull \vbox (badness 10000) has occurred while \output is active []



LaTeX Font Warning: Font shape `OT1/cmss/b/n' undefined
(Font)              using `OT1/cmss/bx/n' instead on input line 522.

[22]
Overfull \hbox (4.0pt too wide) in paragraph at lines 537--538
[][]
 []


Underfull \hbox (badness 10000) in paragraph at lines 537--538

 []

<Pics//D4Z/4-15.png, id=282, 129.48375pt x 101.29845pt>
File: Pics//D4Z/4-15.png Graphic file (type png)
<use Pics//D4Z/4-15.png>
Package pdftex.def Info: Pics//D4Z/4-15.png  used on input line 543.
(pdftex.def)             Requested size: 143.40324pt x 112.19992pt.

LaTeX Warning: `!h' float specifier changed to `!ht'.


Underfull \vbox (badness 10000) has occurred while \output is active []



LaTeX Font Warning: Font shape `OT1/cmss/b/n' undefined
(Font)              using `OT1/cmss/bx/n' instead on input line 549.

[23]
Overfull \hbox (1.99402pt too wide) in paragraph at lines 559--559
[]\OT1/pcr/m/n/10 5.  #include "sdkconfig.h"      //Configuration header file generated by kconfig[] 
 []


Overfull \hbox (4.0pt too wide) in paragraph at lines 551--562
[][] 
 []


Overfull \hbox (4.0pt too wide) in paragraph at lines 567--582
[][] 
 []


Overfull \hbox (4.0pt too wide) in paragraph at lines 585--605
[][] 
 []


Underfull \vbox (badness 1584) has occurred while \output is active []



LaTeX Font Warning: Font shape `OT1/cmss/b/n' undefined
(Font)              using `OT1/cmss/bx/n' instead on input line 607.

[24 <./Pics//D4Z/4-15.png>]
LaTeX Info: Symbol \textrightarrow not provided by
            font family pcr in TS1 encoding.
            Default family used instead on input line 609.
LaTeX Info: Symbol \textrightarrow not provided by
            font family pcr in TS1 encoding.
            Default family used instead on input line 609.

Overfull \hbox (4.0pt too wide) in paragraph at lines 616--619
[][] 
 []


Overfull \hbox (4.0pt too wide) in paragraph at lines 624--633
[][] 
 []


Overfull \hbox (4.0pt too wide) in paragraph at lines 636--644
[][] 
 []


Underfull \vbox (badness 10000) has occurred while \output is active []



LaTeX Font Warning: Font shape `OT1/cmss/b/n' undefined
(Font)              using `OT1/cmss/bx/n' instead on input line 646.

[25{/usr/local/texlive/2023/texmf-dist/fonts/enc/dvips/cm-super/cm-super-ts1.enc}]
Overfull \hbox (4.0pt too wide) in paragraph at lines 654--655
[][]
 []


Underfull \hbox (badness 10000) in paragraph at lines 654--655

 []

<Pics//D4Z/4-16.png, id=301, 694.84593pt x 471.26062pt>
File: Pics//D4Z/4-16.png Graphic file (type png)
<use Pics//D4Z/4-16.png>
Package pdftex.def Info: Pics//D4Z/4-16.png  used on input line 658.
(pdftex.def)             Requested size: 286.8065pt x 194.51245pt.

Underfull \hbox (badness 6725) in paragraph at lines 658--659
 [][] 
 []


LaTeX Font Warning: Font shape `OT1/cmss/b/n' undefined
(Font)              using `OT1/cmss/bx/n' instead on input line 664.

[26 <./Pics//D4Z/4-16.png (PNG copy)>]
<Pics//D4Z/4-17.png, id=311, 694.84593pt x 471.26062pt>
File: Pics//D4Z/4-17.png Graphic file (type png)
<use Pics//D4Z/4-17.png>
Package pdftex.def Info: Pics//D4Z/4-17.png  used on input line 673.
(pdftex.def)             Requested size: 301.14609pt x 204.24167pt.

Underfull \hbox (badness 5316) in paragraph at lines 673--674
 [][] 
 []

<Pics//D4Z/4-18.png, id=313, 349.305pt x 231.86626pt>
File: Pics//D4Z/4-18.png Graphic file (type png)
<use Pics//D4Z/4-18.png>
Package pdftex.def Info: Pics//D4Z/4-18.png  used on input line 684.
(pdftex.def)             Requested size: 262.90474pt x 174.52547pt.

Underfull \hbox (badness 10000) in paragraph at lines 684--685
 [][] 
 []


LaTeX Warning: `!h' float specifier changed to `!ht'.

<Pics//D4Z/4-19.png, id=316, 694.84593pt x 471.26062pt>
File: Pics//D4Z/4-19.png Graphic file (type png)
<use Pics//D4Z/4-19.png>
Package pdftex.def Info: Pics//D4Z/4-19.png  used on input line 694.
(pdftex.def)             Requested size: 262.90474pt x 178.30428pt.

Underfull \hbox (badness 10000) in paragraph at lines 694--695
 [][] 
 []


LaTeX Warning: `!h' float specifier changed to `!ht'.

<Pics//D4Z/4-20.png, id=317, 694.84593pt x 471.26062pt>
File: Pics//D4Z/4-20.png Graphic file (type png)
<use Pics//D4Z/4-20.png>
Package pdftex.def Info: Pics//D4Z/4-20.png  used on input line 701.
(pdftex.def)             Requested size: 262.90474pt x 178.30428pt.

Underfull \hbox (badness 10000) in paragraph at lines 701--702
 [][] 
 []


LaTeX Warning: `!h' float specifier changed to `!ht'.


LaTeX Font Warning: Font shape `OT1/cmss/b/n' undefined
(Font)              using `OT1/cmss/bx/n' instead on input line 708.

[27 <./Pics//D4Z/4-17.png (PNG copy)>]

LaTeX Warning: Text page 28 contains only floats.


LaTeX Font Warning: Font shape `OT1/cmss/b/n' undefined
(Font)              using `OT1/cmss/bx/n' instead on input line 708.

[28 <./Pics//D4Z/4-18.png> <./Pics//D4Z/4-19.png (PNG copy)> <./Pics//D4Z/4-20.png (PNG copy)>]
Overfull \hbox (4.0pt too wide) in paragraph at lines 716--721
[][] 
 []

<Pics//D4Z/4-21.png, id=336, 667.74469pt x 471.26062pt>
File: Pics//D4Z/4-21.png Graphic file (type png)
<use Pics//D4Z/4-21.png>
Package pdftex.def Info: Pics//D4Z/4-21.png  used on input line 725.
(pdftex.def)             Requested size: 334.60272pt x 236.14748pt.

Underfull \hbox (badness 2837) in paragraph at lines 725--726
 [][] 
 []


Underfull \vbox (badness 10000) has occurred while \output is active []



LaTeX Font Warning: Font shape `OT1/cmss/b/n' undefined
(Font)              using `OT1/cmss/bx/n' instead on input line 732.

[29 <./Pics//D4Z/4-21.png (PNG copy)>]
Overfull \hbox (4.0pt too wide) in paragraph at lines 734--748
[][] 
 []

LaTeX Info: Symbol \textrightarrow not provided by
            font family pcr in TS1 encoding.
            Default family used instead on input line 754.
LaTeX Info: Symbol \textrightarrow not provided by
            font family pcr in TS1 encoding.
            Default family used instead on input line 754.

Overfull \hbox (4.0pt too wide) in paragraph at lines 759--768
[][] 
 []


Overfull \hbox (0.79376pt too wide) in paragraph at lines 792--792
[]\OT1/pcr/m/n/9.5 I (109) esp_image: segment 2: paddr=00017b10 vaddr=40380000 size=08508h (34056) load[] 
 []


Overfull \hbox (1.99402pt too wide) in paragraph at lines 816--816
[]\OT1/pcr/m/n/10 W (247) spi_flash: Detected size(4096k) larger than the size in the binary image[] 
 []


Overfull \hbox (4.0pt too wide) in paragraph at lines 771--819
[][] 
 []


LaTeX Font Warning: Font shape `OT1/cmss/b/n' undefined
(Font)              using `OT1/cmss/bx/n' instead on input line 821.

[30]
LaTeX Info: Symbol \textrightarrow not provided by
            font family pcr in TS1 encoding.
            Default family used instead on input line 824.
LaTeX Info: Symbol \textrightarrow not provided by
            font family pcr in TS1 encoding.
            Default family used instead on input line 824.


LaTeX Font Warning: Font shape `OT1/cmss/b/n' undefined
(Font)              using `OT1/cmss/bx/n' instead on input line 825.

[31]
Overfull \hbox (4.0pt too wide) in paragraph at lines 827--838
[][] 
 []


Overfull \hbox (1.99402pt too wide) in paragraph at lines 857--857
[]\OT1/pcr/m/n/10 A14 : 0x00000047  A15   : 0x0000000f  SAR   : 0x00000019  EXCCAUSE  : 0x0000001d[] 
 []


Overfull \hbox (1.99402pt too wide) in paragraph at lines 857--857
[]\OT1/pcr/m/n/10 EXCVADDR: 0x00000000  LBEG : 0x4000c46c  LEND : 0x4000c477  LCOUNT  : 0x00000000[] 
 []


Overfull \hbox (4.0pt too wide) in paragraph at lines 843--860
[][] 
 []


Overfull \hbox (1.99402pt too wide) in paragraph at lines 885--885
[]\OT1/pcr/m/n/10 (inlined by) inner_dont_crash at /home/gus/esp/32/idf/examples/get-started/hello[] 
 []


Overfull \hbox (1.99402pt too wide) in paragraph at lines 885--885
[]\OT1/pcr/m/n/10 A14 : 0x00000047  A15   : 0x0000000f  SAR   : 0x00000019  EXCCAUSE  : 0x0000001d[] 
 []


Overfull \hbox (1.99402pt too wide) in paragraph at lines 885--885
[]\OT1/pcr/m/n/10 EXCVADDR: 0x00000000  LBEG : 0x4000c46c  LEND : 0x4000c477  LCOUNT  : 0x00000000[] 
 []


Overfull \hbox (4.0pt too wide) in paragraph at lines 865--888
[][] 
 []


Overfull \hbox (1.99402pt too wide) in paragraph at lines 902--902
[]\OT1/pcr/m/n/10 (inlined by) inner_dont_crash at /home/gus/esp/32/idf/examples/get-started/hello[] 
 []


Overfull \hbox (1.99402pt too wide) in paragraph at lines 902--902
[]\OT1/pcr/m/n/10 0x400dbf5e: dont_crash at /home/gus/esp/32/idf/examples/get-started/hello_world/[] 
 []


Overfull \hbox (1.99402pt too wide) in paragraph at lines 903--904
[][]\OT1/pcr/m/n/10 0x400d071d: main_task at /home/gus/esp/32/idf/components/esp32/./cpu_start.c:254|  
 []


Overfull \hbox (4.0pt too wide) in paragraph at lines 891--905
[][] 
 []


Underfull \vbox (badness 10000) has occurred while \output is active []



LaTeX Font Warning: Font shape `OT1/cmss/b/n' undefined
(Font)              using `OT1/cmss/bx/n' instead on input line 907.

[32]
LaTeX Info: Symbol \textrightarrow not provided by
            font family pcr in TS1 encoding.
            Default family used instead on input line 907.
LaTeX Info: Symbol \textrightarrow not provided by
            font family pcr in TS1 encoding.
            Default family used instead on input line 907.
LaTeX Info: Symbol \textrightarrow not provided by
            font family pcr in TS1 encoding.
            Default family used instead on input line 907.
LaTeX Info: Symbol \textrightarrow not provided by
            font family pcr in TS1 encoding.
            Default family used instead on input line 907.


LaTeX Font Warning: Font shape `OT1/cmss/b/n' undefined
(Font)              using `OT1/cmss/bx/n' instead on input line 914.

[33] (./Chapter_4.aux)
Package rerunfilecheck Info: File `Chapter_4.out' has not changed.
(rerunfilecheck)             Checksum: DB1D2B2A1DECF71942DC5E10EC0F69DD;5540.
 ) 
Here is how much of TeX's memory you used:
 30993 strings out of 476025
 653109 string characters out of 5790017
 1866388 words of memory out of 5000000
 50826 multiletter control sequences out of 15000+600000
 542708 words of font info for 111 fonts, out of 8000000 for 9000
 1141 hyphenation exceptions out of 8191
 89i,12n,134p,1251b,1274s stack positions out of 10000i,1000n,20000p,200000b,200000s
</usr/local/texlive/2023/texmf-dist/fonts/type1/bitstrea/charter/bchb8a.pfb></usr/local/texlive/2023/texmf-dist/fonts/type1/bitstrea/charter/bchr8a.pfb></usr/local/texlive/2023/texmf-dist/fonts/type1/public/amsfonts/cm/cmssbx10.pfb></usr/local/texlive/2023/texmf-dist/fonts/type1/public/amsfonts/cm/cmssi12.pfb></usr/local/texlive/2023/texmf-dist/fonts/type1/public/amsfonts/cm/cmsy10.pfb></usr/local/texlive/2023/texmf-dist/fonts/type1/public/cm-super/sfrm1200.pfb></usr/local/texlive/2023/texmf-dist/fonts/type1/urw/courier/ucrb8a.pfb></usr/local/texlive/2023/texmf-dist/fonts/type1/urw/courier/ucrr8a.pfb></usr/local/texlive/2023/texmf-dist/fonts/type1/urw/helvetic/uhvb8a.pfb>
Output written on Chapter_4.pdf (33 pages, 1309927 bytes).
PDF statistics:
 428 PDF objects out of 1000 (max. 8388607)
 344 compressed objects within 4 object streams
 108 named destinations out of 1000 (max. 500000)
 310 words of extra memory for PDF output out of 10000 (max. 10000000)

